<?xml version="1.0" encoding="UTF-8"?>
<!-- Generated by org.testng.reporters.JUnitReportReporter -->
<testsuite hostname="satyam" failures="0" tests="1" name="SampleTest" time="0.019" errors="0" timestamp="2025-09-16T11:25:17 IST" skipped="0">
  <testcase classname="SampleTest" name="testSetup" time="0.019"/>
</testsuite> <!-- SampleTest -->
