<?xml version="1.0" encoding="UTF-8"?>
<!-- Generated by org.testng.reporters.JUnitReportReporter -->
<<<<<<< HEAD
<testsuite hostname="satyam" failures="0" tests="1" name="SampleTest" time="0.019" errors="0" timestamp="2025-09-16T11:25:17 IST" skipped="0">
  <testcase classname="SampleTest" name="testSetup" time="0.019"/>
=======
<testsuite hostname="RAMAN" failures="0" tests="1" name="SampleTest" time="0.016" errors="0" timestamp="2025-09-16T02:42:40 IST" skipped="0">
  <testcase classname="SampleTest" name="testSetup" time="0.016"/>
>>>>>>> 4aa7e0e70a1f9796df82cde3fb4db4bc59ea3954
</testsuite> <!-- SampleTest -->
