<?xml version="1.0" encoding="UTF-8"?>
<!-- Generated by org.testng.reporters.JUnitReportReporter -->
<testsuite hostname="satyam" failures="0" tests="3" name="com.btechnotes.Page.Test.HomepageTest" time="85.823" errors="0" timestamp="2025-09-18T09:51:47 IST" skipped="0">
  <testcase classname="com.btechnotes.Page.Test.HomepageTest" name="testHomePageTitle" time="29.705"/>
  <testcase classname="com.btechnotes.Page.Test.HomepageTest" name="testHomePageTitle" time="25.565"/>
  <testcase classname="com.btechnotes.Page.Test.HomepageTest" name="testHomePageTitle" time="30.553"/>
</testsuite> <!-- com.btechnotes.Page.Test.HomepageTest -->
