<?xml version="1.0" encoding="UTF-8"?>
<!-- Generated by org.testng.reporters.JUnitReportReporter -->
<testsuite hostname="RAMAN" failures="0" tests="15" name="com.btechnotes.Page.Test.HomepageTest" time="325.242" errors="0" timestamp="2025-09-23T23:43:27 IST" skipped="0">
  <testcase classname="com.btechnotes.Page.Test.HomepageTest" name="testHomePageTitle" time="14.871"/>
  <testcase classname="com.btechnotes.Page.Test.HomepageTest" name="testHomePageTitle" time="10.938"/>
  <testcase classname="com.btechnotes.Page.Test.HomepageTest" name="testHomePageTitle" time="22.322"/>
  <testcase classname="com.btechnotes.Page.Test.HomepageTest" name="testBrowseNotes" time="20.660"/>
  <testcase classname="com.btechnotes.Page.Test.HomepageTest" name="testBrowseNotes" time="27.599"/>
  <testcase classname="com.btechnotes.Page.Test.HomepageTest" name="testBrowseNotes" time="42.050"/>
  <testcase classname="com.btechnotes.Page.Test.HomepageTest" name="testLearnMore" time="10.694"/>
  <testcase classname="com.btechnotes.Page.Test.HomepageTest" name="testLearnMore" time="21.290"/>
  <testcase classname="com.btechnotes.Page.Test.HomepageTest" name="testLearnMore" time="20.581"/>
  <testcase classname="com.btechnotes.Page.Test.HomepageTest" name="testStartBrowsingNote" time="11.324"/>
  <testcase classname="com.btechnotes.Page.Test.HomepageTest" name="testStartBrowsingNote" time="19.471"/>
  <testcase classname="com.btechnotes.Page.Test.HomepageTest" name="testStartBrowsingNote" time="25.777"/>
  <testcase classname="com.btechnotes.Page.Test.HomepageTest" name="testFooterHome" time="15.167"/>
  <testcase classname="com.btechnotes.Page.Test.HomepageTest" name="testFooterHome" time="25.036"/>
  <testcase classname="com.btechnotes.Page.Test.HomepageTest" name="testFooterHome" time="37.462"/>
</testsuite> <!-- com.btechnotes.Page.Test.HomepageTest -->
