<?xml version="1.0" encoding="UTF-8"?>
<!-- Generated by org.testng.reporters.JUnitReportReporter -->
<testsuite hostname="RAMAN" failures="0" tests="3" name="com.btechnotes.Page.Test.HomepageTest" time="151.568" errors="0" timestamp="2025-09-16T13:14:55 IST" skipped="0">
  <testcase classname="com.btechnotes.Page.Test.HomepageTest" name="testHomePageTitle" time="71.808"/>
  <testcase classname="com.btechnotes.Page.Test.HomepageTest" name="testHomePageTitle" time="39.810"/>
  <testcase classname="com.btechnotes.Page.Test.HomepageTest" name="testHomePageTitle" time="39.950"/>
</testsuite> <!-- com.btechnotes.Page.Test.HomepageTest -->
