<?xml version="1.0" encoding="UTF-8"?>
<!-- Generated by org.testng.reporters.JUnitReportReporter -->
<testsuite hostname="RAMAN" failures="0" tests="1" name="SampleTest" time="0.015" errors="0" timestamp="2025-09-16T02:10:41 IST" skipped="0">
  <testcase classname="SampleTest" name="testSetup" time="0.015"/>
</testsuite> <!-- SampleTest -->
